<?xml version="1.0" encoding="UTF-8"?>
<testng-results ignored="1" total="2" passed="1" failed="0" skipped="0">
  <reporter-output>
  </reporter-output>
  <suite started-at="2022-03-15T10:12:46 IST" name="Suite" finished-at="2022-03-15T10:15:08 IST" duration-ms="141988">
    <groups>
    </groups>
    <test started-at="2022-03-15T10:12:46 IST" name="chromeTest" finished-at="2022-03-15T10:15:08 IST" duration-ms="141988">
      <class name="Config.base">
        <test-method is-config="true" signature="tearDown()[pri:0, instance:Config.base@661972b0]" started-at="2022-03-15T10:15:07 IST" name="tearDown" finished-at="2022-03-15T10:15:08 IST" duration-ms="421" status="PASS">
          <reporter-output>
          </reporter-output>
        </test-method> <!-- tearDown -->
      </class> <!-- Config.base -->
      <class name="interview.BrokenLinks">
        <test-method is-config="true" signature="setup(java.lang.String, java.lang.String)[pri:0, instance:interview.BrokenLinks@74e52303]" started-at="2022-03-15T10:12:46 IST" name="setup" finished-at="2022-03-15T10:13:04 IST" duration-ms="18112" status="PASS">
          <params>
            <param index="0">
              <value>
                <![CDATA[chrome]]>
              </value>
            </param>
            <param index="1">
              <value>
                <![CDATA[https://testingshastra.com/]]>
              </value>
            </param>
          </params>
          <reporter-output>
          </reporter-output>
        </test-method> <!-- setup -->
        <test-method signature="brokenLinksTest()[pri:0, instance:interview.BrokenLinks@74e52303]" started-at="2022-03-15T10:13:04 IST" name="brokenLinksTest" finished-at="2022-03-15T10:15:07 IST" duration-ms="123384" status="PASS">
          <reporter-output>
          </reporter-output>
        </test-method> <!-- brokenLinksTest -->
      </class> <!-- interview.BrokenLinks -->
    </test> <!-- chromeTest -->
  </suite> <!-- Suite -->
</testng-results>
